time="2023-10-10T22:45:19+03:00" level=info msg="create router" func="main.main()" file="main.go:15"
time="2023-10-10T22:45:19+03:00" level=info msg="Register user handler" func="main.main()" file="main.go:18"
time="2023-10-10T22:45:29+03:00" level=info msg="create router" func="main.main()" file="main.go:15"
time="2023-10-10T22:45:30+03:00" level=info msg="Register user handler" func="main.main()" file="main.go:18"
time="2023-10-10T23:17:04+03:00" level=info msg="create router" func="main.main()" file="main.go:20"
time="2023-10-10T23:17:04+03:00" level=info msg="read application config" func="RestServerAPI/internal/config.GetConfig.func1()" file="config.go:24"
time="2023-10-10T23:17:04+03:00" level=info msg="Register user handler" func="main.main()" file="main.go:25"
time="2023-10-10T23:17:04+03:00" level=info msg="start application" func="main.startServer()" file="main.go:34"
time="2023-10-10T23:20:56+03:00" level=info msg="create router" func="main.main()" file="main.go:20"
time="2023-10-10T23:20:56+03:00" level=info msg="read application config" func="RestServerAPI/internal/config.GetConfig.func1()" file="config.go:24"
time="2023-10-10T23:20:56+03:00" level=info msg="Register user handler" func="main.main()" file="main.go:25"
time="2023-10-10T23:20:56+03:00" level=info msg="start application" func="main.startServer()" file="main.go:34"
time="2023-10-10T23:23:12+03:00" level=info msg="create router" func="main.main()" file="main.go:20"
time="2023-10-10T23:23:12+03:00" level=info msg="read application config" func="RestServerAPI/internal/config.GetConfig.func1()" file="config.go:24"
time="2023-10-10T23:23:12+03:00" level=info msg="Register user handler" func="main.main()" file="main.go:25"
time="2023-10-10T23:23:12+03:00" level=info msg="start application" func="main.startServer()" file="main.go:34"
time="2023-10-10T23:23:12+03:00" level=info msg="create unix socket" func="main.startServer()" file="main.go:46"
time="2023-10-10T23:25:48+03:00" level=info msg="create router" func="main.main()" file="main.go:20"
time="2023-10-10T23:25:48+03:00" level=info msg="read application config" func="RestServerAPI/internal/config.GetConfig.func1()" file="config.go:24"
time="2023-10-10T23:25:48+03:00" level=info msg="Register user handler" func="main.main()" file="main.go:25"
time="2023-10-10T23:25:48+03:00" level=info msg="start application" func="main.startServer()" file="main.go:34"
time="2023-10-10T23:25:48+03:00" level=info msg="create unix socket" func="main.startServer()" file="main.go:46"
time="2023-10-11T00:35:54+03:00" level=info msg="create router" func="main.main()" file="main.go:23"
time="2023-10-11T00:35:54+03:00" level=info msg="read application config" func="RestServerAPI/internal/config.GetConfig.func1()" file="config.go:33"
time="2023-10-11T00:38:32+03:00" level=info msg="create router" func="main.main()" file="main.go:23"
time="2023-10-11T00:38:32+03:00" level=info msg="read application config" func="RestServerAPI/internal/config.GetConfig.func1()" file="config.go:33"
time="2023-10-11T00:41:03+03:00" level=info msg="create router" func="main.main()" file="main.go:23"
time="2023-10-11T00:41:03+03:00" level=info msg="read application config" func="RestServerAPI/internal/config.GetConfig.func1()" file="config.go:33"
time="2023-10-11T00:44:31+03:00" level=info msg="create router" func="main.main()" file="main.go:23"
time="2023-10-11T00:44:31+03:00" level=info msg="read application config" func="RestServerAPI/internal/config.GetConfig.func1()" file="config.go:33"
time="2023-10-11T00:45:40+03:00" level=info msg="create router" func="main.main()" file="main.go:23"
time="2023-10-11T00:45:40+03:00" level=info msg="read application config" func="RestServerAPI/internal/config.GetConfig.func1()" file="config.go:33"
time="2023-10-11T00:47:16+03:00" level=info msg="create router" func="main.main()" file="main.go:23"
time="2023-10-11T00:47:16+03:00" level=info msg="read application config" func="RestServerAPI/internal/config.GetConfig.func1()" file="config.go:33"
time="2023-10-11T00:48:05+03:00" level=info msg="create router" func="main.main()" file="main.go:23"
time="2023-10-11T00:48:05+03:00" level=info msg="read application config" func="RestServerAPI/internal/config.GetConfig.func1()" file="config.go:33"
