#! /c/Source/iverilog-install/bin/vvp
:ivl_version "12.0 (devel)" "(s20150603-1539-g2693dd32b)";
:ivl_delay_selection "TYPICAL";
:vpi_time_precision + 0;
:vpi_module "C:\iverilog\lib\ivl\system.vpi";
:vpi_module "C:\iverilog\lib\ivl\vhdl_sys.vpi";
:vpi_module "C:\iverilog\lib\ivl\vhdl_textio.vpi";
:vpi_module "C:\iverilog\lib\ivl\v2005_math.vpi";
:vpi_module "C:\iverilog\lib\ivl\va_math.vpi";
S_0000027eef099a30 .scope module, "cpu_test" "cpu_test" 2 6;
 .timescale 0 0;
v0000027eef16b210_0 .var "clk", 0 0;
v0000027eef16bf30_0 .net "data_memory_a", 31 0, L_0000027eef094f20;  1 drivers
v0000027eef16abd0_0 .net "data_memory_rd", 31 0, L_0000027eef0954d0;  1 drivers
v0000027eef16a810_0 .net "data_memory_wd", 31 0, L_0000027eef094eb0;  1 drivers
v0000027eef16a3b0_0 .net "data_memory_we", 0 0, L_0000027eef095620;  1 drivers
v0000027eef16b530_0 .var "i_counter", 31 0;
v0000027eef16b2b0_0 .net "instruction_memory_a", 31 0, L_0000027eef094f90;  1 drivers
v0000027eef16b350_0 .net "instruction_memory_rd", 31 0, L_0000027eef0958c0;  1 drivers
v0000027eef16bc10_0 .var "mem_counter", 31 0;
v0000027eef16ac70_0 .net "pc", 31 0, v0000027eef16bdf0_0;  1 drivers
v0000027eef16b3f0_0 .net "pc_new", 31 0, L_0000027eef1c8680;  1 drivers
v0000027eef16b7b0_0 .var "reg_counter", 31 0;
v0000027eef16be90_0 .net "register_a1", 4 0, L_0000027eef1c9da0;  1 drivers
v0000027eef16a130_0 .net "register_a2", 4 0, L_0000027eef1c9620;  1 drivers
v0000027eef16a9f0_0 .net "register_a3", 4 0, L_0000027eef1c8fe0;  1 drivers
v0000027eef16bcb0_0 .net "register_rd1", 31 0, L_0000027eef095690;  1 drivers
v0000027eef16a1d0_0 .net "register_rd2", 31 0, L_0000027eef094a50;  1 drivers
v0000027eef16b5d0_0 .net "register_wd3", 31 0, L_0000027eef1c8900;  1 drivers
v0000027eef16a450_0 .net "register_we3", 0 0, L_0000027eef094ba0;  1 drivers
S_0000027eef015560 .scope module, "cpu" "mips_cpu" 2 35, 3 3 0, S_0000027eef099a30;
 .timescale 0 0;
    .port_info 0 /INPUT 1 "clk";
    .port_info 1 /INOUT 32 "pc";
    .port_info 2 /OUTPUT 32 "pc_new";
    .port_info 3 /OUTPUT 32 "instruction_memory_a";
    .port_info 4 /INOUT 32 "instruction_memory_rd";
    .port_info 5 /OUTPUT 32 "data_memory_a";
    .port_info 6 /INOUT 32 "data_memory_rd";
    .port_info 7 /OUTPUT 1 "data_memory_we";
    .port_info 8 /OUTPUT 32 "data_memory_wd";
    .port_info 9 /OUTPUT 5 "register_a1";
    .port_info 10 /OUTPUT 5 "register_a2";
    .port_info 11 /OUTPUT 5 "register_a3";
    .port_info 12 /OUTPUT 1 "register_we3";
    .port_info 13 /OUTPUT 32 "register_wd3";
    .port_info 14 /INOUT 32 "register_rd1";
    .port_info 15 /INOUT 32 "register_rd2";
L_0000027eef095620 .functor BUFZ 1, v0000027eef1646a0_0, C4<0>, C4<0>, C4<0>;
L_0000027eef094eb0 .functor BUFZ 32, L_0000027eef094a50, C4<00000000000000000000000000000000>, C4<00000000000000000000000000000000>, C4<00000000000000000000000000000000>;
L_0000027eef094f20 .functor BUFZ 32, L_0000027eef095700, C4<00000000000000000000000000000000>, C4<00000000000000000000000000000000>, C4<00000000000000000000000000000000>;
L_0000027eef094f90 .functor BUFZ 32, v0000027eef16bdf0_0, C4<00000000000000000000000000000000>, C4<00000000000000000000000000000000>, C4<00000000000000000000000000000000>;
L_0000027eef095070 .functor AND 1, L_0000027eef1c9e40, v0000027eef164ba0_0, C4<1>, C4<1>;
RS_0000027eef09ba28 .resolv tri, L_0000027eef0950e0, L_0000027eef095230;
L_0000027eef0952a0 .functor AND 1, RS_0000027eef09ba28, v0000027eef1651e0_0, C4<1>, C4<1>;
L_0000027eef095460 .functor OR 1, L_0000027eef095070, L_0000027eef0952a0, C4<0>, C4<0>;
v0000027eef1661b0_0 .net "ALU_result", 31 0, L_0000027eef095700;  1 drivers
v0000027eef1667f0_0 .net "PC_jump", 31 0, L_0000027eef1c8a40;  1 drivers
v0000027eef167290_0 .net *"_ivl_25", 25 0, L_0000027eef1c9800;  1 drivers
v0000027eef166390_0 .net *"_ivl_26", 31 0, L_0000027eef1c8ea0;  1 drivers
L_0000027eef170978 .functor BUFT 1, C4<000000>, C4<0>, C4<0>, C4<0>;
v0000027eef1664d0_0 .net *"_ivl_29", 5 0, L_0000027eef170978;  1 drivers
v0000027eef167330_0 .net *"_ivl_32", 29 0, L_0000027eef1c8f40;  1 drivers
L_0000027eef1709c0 .functor BUFT 1, C4<00>, C4<0>, C4<0>, C4<0>;
v0000027eef166750_0 .net *"_ivl_34", 1 0, L_0000027eef1709c0;  1 drivers
v0000027eef1698e0_0 .net *"_ivl_41", 3 0, L_0000027eef1c91c0;  1 drivers
v0000027eef168080_0 .net *"_ivl_46", 27 0, L_0000027eef1c9260;  1 drivers
v0000027eef169d40_0 .net "alu_control", 2 0, L_0000027eef094dd0;  1 drivers
v0000027eef168bc0_0 .net "alu_src", 0 0, v0000027eef165b40_0;  1 drivers
v0000027eef168120_0 .net "beq", 0 0, v0000027eef164ba0_0;  1 drivers
v0000027eef168760_0 .net "beq_and", 0 0, L_0000027eef095070;  1 drivers
v0000027eef168ee0_0 .net "bne", 0 0, v0000027eef1651e0_0;  1 drivers
v0000027eef168260_0 .net "bne_and", 0 0, L_0000027eef0952a0;  1 drivers
v0000027eef169de0_0 .net "branch", 0 0, L_0000027eef095460;  1 drivers
v0000027eef169a20_0 .net "clk", 0 0, v0000027eef16b210_0;  1 drivers
v0000027eef168800_0 .net "cur_a3", 4 0, L_0000027eef1c87c0;  1 drivers
v0000027eef168300_0 .net "cur_wd3", 31 0, L_0000027eef1c8c20;  1 drivers
v0000027eef1695c0_0 .net "data_memory_a", 31 0, L_0000027eef094f20;  alias, 1 drivers
v0000027eef169200_0 .net "data_memory_rd", 31 0, L_0000027eef0954d0;  alias, 1 drivers
v0000027eef168f80_0 .net "data_memory_wd", 31 0, L_0000027eef094eb0;  alias, 1 drivers
v0000027eef169980_0 .net "data_memory_we", 0 0, L_0000027eef095620;  alias, 1 drivers
v0000027eef1693e0_0 .net "instruction_memory_a", 31 0, L_0000027eef094f90;  alias, 1 drivers
v0000027eef169660_0 .net "instruction_memory_rd", 31 0, L_0000027eef0958c0;  alias, 1 drivers
v0000027eef169ca0_0 .net "j", 0 0, v0000027eef164100_0;  1 drivers
v0000027eef169f20_0 .net "jal", 0 0, v0000027eef1655a0_0;  1 drivers
v0000027eef168c60_0 .net "jr", 0 0, v0000027eef1647e0_0;  1 drivers
v0000027eef169b60_0 .net "jump", 31 0, L_0000027eef1c93a0;  1 drivers
v0000027eef1681c0_0 .net "mem_write", 0 0, v0000027eef1646a0_0;  1 drivers
v0000027eef169e80_0 .net "memto_reg", 0 0, v0000027eef165280_0;  1 drivers
v0000027eef169ac0_0 .net "moved_sign_lmm", 31 0, L_0000027eef1c8cc0;  1 drivers
v0000027eef168e40_0 .net8 "not_zero", 0 0, RS_0000027eef09ba28;  2 drivers, strength-aware
v0000027eef169700_0 .net "pc", 31 0, v0000027eef16bdf0_0;  alias, 1 drivers
v0000027eef168a80_0 .net "pc_branch", 31 0, L_0000027eef1c9300;  1 drivers
v0000027eef169c00_0 .net "pc_for", 31 0, L_0000027eef1c85e0;  1 drivers
v0000027eef1684e0_0 .net "pc_new", 31 0, L_0000027eef1c8680;  alias, 1 drivers
v0000027eef1683a0_0 .net "pc_plus4", 31 0, L_0000027eef1c80e0;  1 drivers
v0000027eef168440_0 .net "pc_upgr", 31 0, L_0000027eef1c98a0;  1 drivers
L_0000027eef170198 .functor BUFT 1, C4<11111>, C4<0>, C4<0>, C4<0>;
v0000027eef1686c0_0 .net "ra", 4 0, L_0000027eef170198;  1 drivers
v0000027eef168d00_0 .net "reg_dst", 0 0, v0000027eef1650a0_0;  1 drivers
v0000027eef168580_0 .net "register_a1", 4 0, L_0000027eef1c9da0;  alias, 1 drivers
v0000027eef169340_0 .net "register_a2", 4 0, L_0000027eef1c9620;  alias, 1 drivers
v0000027eef1692a0_0 .net "register_a3", 4 0, L_0000027eef1c8fe0;  alias, 1 drivers
v0000027eef1688a0_0 .net "register_rd1", 31 0, L_0000027eef095690;  alias, 1 drivers
v0000027eef1690c0_0 .net "register_rd2", 31 0, L_0000027eef094a50;  alias, 1 drivers
v0000027eef169480_0 .net "register_wd3", 31 0, L_0000027eef1c8900;  alias, 1 drivers
v0000027eef168b20_0 .net "register_we3", 0 0, L_0000027eef094ba0;  alias, 1 drivers
v0000027eef169520_0 .net "signlmm", 31 0, L_0000027eef1c8d60;  1 drivers
v0000027eef1697a0_0 .net "srcB", 31 0, L_0000027eef1c82c0;  1 drivers
v0000027eef168620_0 .net "zero", 0 0, L_0000027eef1c9e40;  1 drivers
L_0000027eef1c9080 .part L_0000027eef0958c0, 26, 6;
L_0000027eef1c8b80 .part L_0000027eef0958c0, 0, 6;
L_0000027eef1c8720 .part L_0000027eef0958c0, 0, 16;
L_0000027eef1c9da0 .part L_0000027eef0958c0, 21, 5;
L_0000027eef1c9620 .part L_0000027eef0958c0, 16, 5;
L_0000027eef1c99e0 .part L_0000027eef0958c0, 16, 5;
L_0000027eef1c9760 .part L_0000027eef0958c0, 11, 5;
L_0000027eef1c9800 .part L_0000027eef0958c0, 0, 26;
L_0000027eef1c8ea0 .concat [ 26 6 0 0], L_0000027eef1c9800, L_0000027eef170978;
L_0000027eef1c8f40 .part L_0000027eef1c8ea0, 0, 30;
L_0000027eef1c93a0 .concat [ 2 30 0 0], L_0000027eef1709c0, L_0000027eef1c8f40;
L_0000027eef1c91c0 .part L_0000027eef1c80e0, 28, 4;
L_0000027eef1c8a40 .concat8 [ 28 4 0 0], L_0000027eef1c9260, L_0000027eef1c91c0;
L_0000027eef1c9260 .part L_0000027eef1c93a0, 0, 28;
S_0000027eef0156f0 .scope module, "choose" "mux2_5" 3 71, 4 36 0, S_0000027eef015560;
 .timescale 0 0;
    .port_info 0 /INPUT 5 "d0";
    .port_info 1 /INPUT 5 "d1";
    .port_info 2 /INPUT 1 "a";
    .port_info 3 /OUTPUT 5 "out";
v0000027eef088dc0_0 .net "a", 0 0, v0000027eef1655a0_0;  alias, 1 drivers
v0000027eef089cc0_0 .net "d0", 4 0, L_0000027eef1c87c0;  alias, 1 drivers
v0000027eef089d60_0 .net "d1", 4 0, L_0000027eef170198;  alias, 1 drivers
v0000027eef089680_0 .net "out", 4 0, L_0000027eef1c8fe0;  alias, 1 drivers
L_0000027eef1c8fe0 .functor MUXZ 5, L_0000027eef1c87c0, L_0000027eef170198, v0000027eef1655a0_0, C4<>;
S_0000027eef041340 .scope module, "choose_a3" "mux2_5" 3 70, 4 36 0, S_0000027eef015560;
 .timescale 0 0;
    .port_info 0 /INPUT 5 "d0";
    .port_info 1 /INPUT 5 "d1";
    .port_info 2 /INPUT 1 "a";
    .port_info 3 /OUTPUT 5 "out";
v0000027eef088a00_0 .net "a", 0 0, v0000027eef1650a0_0;  alias, 1 drivers
v0000027eef089f40_0 .net "d0", 4 0, L_0000027eef1c99e0;  1 drivers
v0000027eef08a080_0 .net "d1", 4 0, L_0000027eef1c9760;  1 drivers
v0000027eef08a120_0 .net "out", 4 0, L_0000027eef1c87c0;  alias, 1 drivers
L_0000027eef1c87c0 .functor MUXZ 5, L_0000027eef1c99e0, L_0000027eef1c9760, v0000027eef1650a0_0, C4<>;
S_0000027eef0414d0 .scope module, "choose_number_2" "mux2_32" 3 75, 4 28 0, S_0000027eef015560;
 .timescale 0 0;
    .port_info 0 /INPUT 32 "d0";
    .port_info 1 /INPUT 32 "d1";
    .port_info 2 /INPUT 1 "a";
    .port_info 3 /OUTPUT 32 "out";
v0000027eef088aa0_0 .net "a", 0 0, v0000027eef165b40_0;  alias, 1 drivers
v0000027eef08a1c0_0 .net "d0", 31 0, L_0000027eef094a50;  alias, 1 drivers
v0000027eef08a300_0 .net "d1", 31 0, L_0000027eef1c8d60;  alias, 1 drivers
v0000027eef08a3a0_0 .net "out", 31 0, L_0000027eef1c82c0;  alias, 1 drivers
L_0000027eef1c82c0 .functor MUXZ 32, L_0000027eef094a50, L_0000027eef1c8d60, v0000027eef165b40_0, C4<>;
S_0000027eeeeae620 .scope module, "ctrl_unit" "control_unit" 3 43, 4 86 0, S_0000027eef015560;
 .timescale 0 0;
    .port_info 0 /INPUT 6 "opcode";
    .port_info 1 /INPUT 6 "funct";
    .port_info 2 /OUTPUT 1 "memto_reg";
    .port_info 3 /OUTPUT 1 "mem_write";
    .port_info 4 /OUTPUT 1 "bne_out";
    .port_info 5 /OUTPUT 1 "beq_out";
    .port_info 6 /OUTPUT 3 "alu_control";
    .port_info 7 /OUTPUT 1 "alu_src";
    .port_info 8 /OUTPUT 1 "reg_dst";
    .port_info 9 /OUTPUT 1 "reg_write";
    .port_info 10 /OUTPUT 1 "j_out";
    .port_info 11 /OUTPUT 1 "jal_out";
    .port_info 12 /OUTPUT 1 "jr";
L_0000027eef094ba0 .functor BUFZ 1, v0000027eef164740_0, C4<0>, C4<0>, C4<0>;
L_0000027eef170300 .functor BUFT 1, C4<001000>, C4<0>, C4<0>, C4<0>;
v0000027eef164240_0 .net "addi", 5 0, L_0000027eef170300;  1 drivers
v0000027eef165320_0 .net "alu_control", 2 0, L_0000027eef094dd0;  alias, 1 drivers
v0000027eef165d20_0 .var "alu_op", 1 0;
v0000027eef165a00_0 .net "alu_src", 0 0, v0000027eef165b40_0;  alias, 1 drivers
L_0000027eef170348 .functor BUFT 1, C4<001100>, C4<0>, C4<0>, C4<0>;
v0000027eef164420_0 .net "andi", 5 0, L_0000027eef170348;  1 drivers
L_0000027eef170270 .functor BUFT 1, C4<000100>, C4<0>, C4<0>, C4<0>;
v0000027eef165460_0 .net "beq", 5 0, L_0000027eef170270;  1 drivers
v0000027eef165780_0 .net "beq_out", 0 0, v0000027eef164ba0_0;  alias, 1 drivers
L_0000027eef170390 .functor BUFT 1, C4<000101>, C4<0>, C4<0>, C4<0>;
v0000027eef1653c0_0 .net "bne", 5 0, L_0000027eef170390;  1 drivers
v0000027eef165e60_0 .net "bne_out", 0 0, v0000027eef1651e0_0;  alias, 1 drivers
v0000027eef165dc0_0 .net "funct", 5 0, L_0000027eef1c8b80;  1 drivers
L_0000027eef1703d8 .functor BUFT 1, C4<000010>, C4<0>, C4<0>, C4<0>;
v0000027eef164d80_0 .net "j", 5 0, L_0000027eef1703d8;  1 drivers
v0000027eef165aa0_0 .net "j_out", 0 0, v0000027eef164100_0;  alias, 1 drivers
L_0000027eef170420 .functor BUFT 1, C4<000011>, C4<0>, C4<0>, C4<0>;
v0000027eef1644c0_0 .net "jal", 5 0, L_0000027eef170420;  1 drivers
v0000027eef165000_0 .net "jal_out", 0 0, v0000027eef1655a0_0;  alias, 1 drivers
v0000027eef164560_0 .net "jr", 0 0, v0000027eef1647e0_0;  alias, 1 drivers
L_0000027eef1701e0 .functor BUFT 1, C4<100011>, C4<0>, C4<0>, C4<0>;
v0000027eef165f00_0 .net "lw", 5 0, L_0000027eef1701e0;  1 drivers
v0000027eef164e20_0 .net "mem_write", 0 0, v0000027eef1646a0_0;  alias, 1 drivers
v0000027eef164600_0 .net "memto_reg", 0 0, v0000027eef165280_0;  alias, 1 drivers
v0000027eef164ec0_0 .net "opcode", 5 0, L_0000027eef1c9080;  1 drivers
L_0000027eef1702b8 .functor BUFT 1, C4<000000>, C4<0>, C4<0>, C4<0>;
v0000027eef164060_0 .net "r_type", 5 0, L_0000027eef1702b8;  1 drivers
v0000027eef165b40_0 .var "reg_alu_src", 0 0;
v0000027eef164ba0_0 .var "reg_beq", 0 0;
v0000027eef1651e0_0 .var "reg_bne", 0 0;
v0000027eef164f60_0 .net "reg_dst", 0 0, v0000027eef1650a0_0;  alias, 1 drivers
v0000027eef164100_0 .var "reg_j", 0 0;
v0000027eef1655a0_0 .var "reg_jal", 0 0;
v0000027eef1646a0_0 .var "reg_mem_write", 0 0;
v0000027eef165280_0 .var "reg_memto_reg", 0 0;
v0000027eef1650a0_0 .var "reg_reg_dst", 0 0;
v0000027eef164740_0 .var "reg_reg_write", 0 0;
v0000027eef165640_0 .net "reg_write", 0 0, L_0000027eef094ba0;  alias, 1 drivers
L_0000027eef170228 .functor BUFT 1, C4<101011>, C4<0>, C4<0>, C4<0>;
v0000027eef164880_0 .net "sw", 5 0, L_0000027eef170228;  1 drivers
E_0000027eef080a60/0 .event anyedge, v0000027eef164ec0_0, v0000027eef165f00_0, v0000027eef164880_0, v0000027eef165460_0;
E_0000027eef080a60/1 .event anyedge, v0000027eef164ce0_0, v0000027eef164060_0, v0000027eef164240_0, v0000027eef164420_0;
E_0000027eef080a60/2 .event anyedge, v0000027eef1653c0_0, v0000027eef164d80_0, v0000027eef1644c0_0;
E_0000027eef080a60 .event/or E_0000027eef080a60/0, E_0000027eef080a60/1, E_0000027eef080a60/2;
S_0000027eeeeae7b0 .scope module, "decoder" "alu_decoder" 4 225, 4 228 0, S_0000027eeeeae620;
 .timescale 0 0;
    .port_info 0 /INPUT 2 "alu_op";
    .port_info 1 /INPUT 6 "funct";
    .port_info 2 /OUTPUT 3 "alu_control";
    .port_info 3 /OUTPUT 1 "jr";
L_0000027eef094dd0 .functor BUFZ 3, v0000027eef164c40_0, C4<000>, C4<000>, C4<000>;
L_0000027eef170468 .functor BUFT 1, C4<00>, C4<0>, C4<0>, C4<0>;
v0000027eef08a440_0 .net "add", 1 0, L_0000027eef170468;  1 drivers
L_0000027eef170588 .functor BUFT 1, C4<100000>, C4<0>, C4<0>, C4<0>;
v0000027eef08a4e0_0 .net "add_fun", 5 0, L_0000027eef170588;  1 drivers
v0000027eef08a580_0 .net "alu_control", 2 0, L_0000027eef094dd0;  alias, 1 drivers
v0000027eef08a620_0 .net "alu_op", 1 0, v0000027eef165d20_0;  1 drivers
L_0000027eef170618 .functor BUFT 1, C4<100100>, C4<0>, C4<0>, C4<0>;
v0000027eef08a6c0_0 .net "and_fun", 5 0, L_0000027eef170618;  1 drivers
L_0000027eef170540 .functor BUFT 1, C4<11>, C4<0>, C4<0>, C4<0>;
v0000027eef165be0_0 .net "andi", 1 0, L_0000027eef170540;  1 drivers
v0000027eef164ce0_0 .net "funct", 5 0, L_0000027eef1c8b80;  alias, 1 drivers
v0000027eef165960_0 .net "jr", 0 0, v0000027eef1647e0_0;  alias, 1 drivers
L_0000027eef1706f0 .functor BUFT 1, C4<001000>, C4<0>, C4<0>, C4<0>;
v0000027eef164380_0 .net "jr_fun", 5 0, L_0000027eef1706f0;  1 drivers
L_0000027eef1704f8 .functor BUFT 1, C4<10>, C4<0>, C4<0>, C4<0>;
v0000027eef1642e0_0 .net "look_funct", 1 0, L_0000027eef1704f8;  1 drivers
L_0000027eef170660 .functor BUFT 1, C4<100101>, C4<0>, C4<0>, C4<0>;
v0000027eef165c80_0 .net "or_fun", 5 0, L_0000027eef170660;  1 drivers
v0000027eef164c40_0 .var "reg_alu_control", 2 0;
v0000027eef1647e0_0 .var "reg_jr", 0 0;
L_0000027eef1706a8 .functor BUFT 1, C4<101010>, C4<0>, C4<0>, C4<0>;
v0000027eef165500_0 .net "slt_fun", 5 0, L_0000027eef1706a8;  1 drivers
L_0000027eef1705d0 .functor BUFT 1, C4<100010>, C4<0>, C4<0>, C4<0>;
v0000027eef165140_0 .net "sub_fun", 5 0, L_0000027eef1705d0;  1 drivers
L_0000027eef1704b0 .functor BUFT 1, C4<01>, C4<0>, C4<0>, C4<0>;
v0000027eef164b00_0 .net "subtract", 1 0, L_0000027eef1704b0;  1 drivers
E_0000027eef080d20/0 .event anyedge, v0000027eef08a620_0, v0000027eef08a440_0, v0000027eef164b00_0, v0000027eef164ce0_0;
E_0000027eef080d20/1 .event anyedge, v0000027eef08a4e0_0, v0000027eef165140_0, v0000027eef08a6c0_0, v0000027eef165c80_0;
E_0000027eef080d20/2 .event anyedge, v0000027eef165500_0, v0000027eef164380_0, v0000027eef1642e0_0, v0000027eef165be0_0;
E_0000027eef080d20 .event/or E_0000027eef080d20/0, E_0000027eef080d20/1, E_0000027eef080d20/2;
S_0000027eeeead020 .scope module, "fin" "mux2_32" 3 86, 4 28 0, S_0000027eef015560;
 .timescale 0 0;
    .port_info 0 /INPUT 32 "d0";
    .port_info 1 /INPUT 32 "d1";
    .port_info 2 /INPUT 1 "a";
    .port_info 3 /OUTPUT 32 "out";
v0000027eef164920_0 .net "a", 0 0, v0000027eef1655a0_0;  alias, 1 drivers
v0000027eef1649c0_0 .net "d0", 31 0, L_0000027eef1c8c20;  alias, 1 drivers
v0000027eef1656e0_0 .net "d1", 31 0, L_0000027eef1c80e0;  alias, 1 drivers
v0000027eef165820_0 .net "out", 31 0, L_0000027eef1c8900;  alias, 1 drivers
L_0000027eef1c8900 .functor MUXZ 32, L_0000027eef1c8c20, L_0000027eef1c80e0, v0000027eef1655a0_0, C4<>;
S_0000027eeeead1b0 .scope module, "fin_mux" "mux2_32" 3 85, 4 28 0, S_0000027eef015560;
 .timescale 0 0;
    .port_info 0 /INPUT 32 "d0";
    .port_info 1 /INPUT 32 "d1";
    .port_info 2 /INPUT 1 "a";
    .port_info 3 /OUTPUT 32 "out";
v0000027eef164a60_0 .net "a", 0 0, v0000027eef165280_0;  alias, 1 drivers
v0000027eef1658c0_0 .net "d0", 31 0, L_0000027eef095700;  alias, 1 drivers
v0000027eef1641a0_0 .net "d1", 31 0, L_0000027eef0954d0;  alias, 1 drivers
v0000027eef166e30_0 .net "out", 31 0, L_0000027eef1c8c20;  alias, 1 drivers
L_0000027eef1c8c20 .functor MUXZ 32, L_0000027eef095700, L_0000027eef0954d0, v0000027eef165280_0, C4<>;
S_0000027eef0447e0 .scope module, "jr_mux" "mux2_32" 3 125, 4 28 0, S_0000027eef015560;
 .timescale 0 0;
    .port_info 0 /INPUT 32 "d0";
    .port_info 1 /INPUT 32 "d1";
    .port_info 2 /INPUT 1 "a";
    .port_info 3 /OUTPUT 32 "out";
v0000027eef167ab0_0 .net "a", 0 0, v0000027eef1647e0_0;  alias, 1 drivers
v0000027eef167b50_0 .net "d0", 31 0, L_0000027eef1c85e0;  alias, 1 drivers
v0000027eef167510_0 .net "d1", 31 0, L_0000027eef095690;  alias, 1 drivers
v0000027eef167470_0 .net "out", 31 0, L_0000027eef1c8680;  alias, 1 drivers
L_0000027eef1c8680 .functor MUXZ 32, L_0000027eef1c85e0, L_0000027eef095690, v0000027eef1647e0_0, C4<>;
S_0000027eef044970 .scope module, "jump_mux" "mux2_32" 3 123, 4 28 0, S_0000027eef015560;
 .timescale 0 0;
    .port_info 0 /INPUT 32 "d0";
    .port_info 1 /INPUT 32 "d1";
    .port_info 2 /INPUT 1 "a";
    .port_info 3 /OUTPUT 32 "out";
v0000027eef166250_0 .net "a", 0 0, v0000027eef164100_0;  alias, 1 drivers
v0000027eef166bb0_0 .net "d0", 31 0, L_0000027eef1c98a0;  alias, 1 drivers
v0000027eef166570_0 .net "d1", 31 0, L_0000027eef1c8a40;  alias, 1 drivers
v0000027eef166a70_0 .net "out", 31 0, L_0000027eef1c85e0;  alias, 1 drivers
L_0000027eef1c85e0 .functor MUXZ 32, L_0000027eef1c98a0, L_0000027eef1c8a40, v0000027eef164100_0, C4<>;
S_0000027eef053060 .scope module, "moved" "shl_2" 3 90, 4 12 0, S_0000027eef015560;
 .timescale 0 0;
    .port_info 0 /INPUT 32 "in";
    .port_info 1 /OUTPUT 32 "out";
v0000027eef1675b0_0 .net *"_ivl_1", 29 0, L_0000027eef1c9f80;  1 drivers
L_0000027eef170930 .functor BUFT 1, C4<00>, C4<0>, C4<0>, C4<0>;
v0000027eef166b10_0 .net/2u *"_ivl_2", 1 0, L_0000027eef170930;  1 drivers
v0000027eef167bf0_0 .net "in", 31 0, L_0000027eef1c8d60;  alias, 1 drivers
v0000027eef166890_0 .net "out", 31 0, L_0000027eef1c8cc0;  alias, 1 drivers
L_0000027eef1c9f80 .part L_0000027eef1c8d60, 0, 30;
L_0000027eef1c8cc0 .concat [ 2 30 0 0], L_0000027eef170930, L_0000027eef1c9f80;
S_0000027eef0531f0 .scope module, "my_alu" "alu" 3 77, 4 43 0, S_0000027eef015560;
 .timescale 0 0;
    .port_info 0 /INPUT 32 "a";
    .port_info 1 /INPUT 32 "b";
    .port_info 2 /INPUT 3 "control";
    .port_info 3 /OUTPUT 32 "res";
    .port_info 4 /OUTPUT 1 "zero";
L_0000027eef095700 .functor BUFZ 32, v0000027eef167d30_0, C4<00000000000000000000000000000000>, C4<00000000000000000000000000000000>, C4<00000000000000000000000000000000>;
L_0000027eef1708a0 .functor BUFT 1, C4<00000000000000000000000000000000>, C4<0>, C4<0>, C4<0>;
v0000027eef167c90_0 .net/2u *"_ivl_10", 31 0, L_0000027eef1708a0;  1 drivers
v0000027eef166f70_0 .net "a", 31 0, L_0000027eef095690;  alias, 1 drivers
L_0000027eef170738 .functor BUFT 1, C4<010>, C4<0>, C4<0>, C4<0>;
v0000027eef167010_0 .net "add", 2 0, L_0000027eef170738;  1 drivers
v0000027eef166cf0_0 .net "b", 31 0, L_0000027eef1c82c0;  alias, 1 drivers
v0000027eef166930_0 .net "control", 2 0, L_0000027eef094dd0;  alias, 1 drivers
L_0000027eef170810 .functor BUFT 1, C4<001>, C4<0>, C4<0>, C4<0>;
v0000027eef1669d0_0 .net "dis", 2 0, L_0000027eef170810;  1 drivers
L_0000027eef1707c8 .functor BUFT 1, C4<000>, C4<0>, C4<0>, C4<0>;
v0000027eef1676f0_0 .net "kon", 2 0, L_0000027eef1707c8;  1 drivers
v0000027eef167d30_0 .var "reg_res", 31 0;
v0000027eef167dd0_0 .net "res", 31 0, L_0000027eef095700;  alias, 1 drivers
L_0000027eef170858 .functor BUFT 1, C4<111>, C4<0>, C4<0>, C4<0>;
v0000027eef167650_0 .net "slt", 2 0, L_0000027eef170858;  1 drivers
L_0000027eef170780 .functor BUFT 1, C4<110>, C4<0>, C4<0>, C4<0>;
v0000027eef167790_0 .net "sub", 2 0, L_0000027eef170780;  1 drivers
v0000027eef167970_0 .net "zero", 0 0, L_0000027eef1c9e40;  alias, 1 drivers
E_0000027eef080b60/0 .event anyedge, v0000027eef08a580_0, v0000027eef167510_0, v0000027eef08a3a0_0, v0000027eef167010_0;
E_0000027eef080b60/1 .event anyedge, v0000027eef167790_0, v0000027eef1676f0_0, v0000027eef1669d0_0, v0000027eef167650_0;
E_0000027eef080b60 .event/or E_0000027eef080b60/0, E_0000027eef080b60/1;
L_0000027eef1c9e40 .cmp/eq 32, v0000027eef167d30_0, L_0000027eef1708a0;
S_0000027eef052ae0 .scope module, "not_zer" "my_not" 3 116, 4 290 0, S_0000027eef015560;
 .timescale 0 0;
    .port_info 0 /INPUT 1 "a";
    .port_info 1 /OUTPUT 1 "out";
L_0000027eef094e40 .functor BUFT 1, C8<771>, C4<0>, C4<0>, C4<0>;
L_0000027eef0950e0 .functor PMOS 1, L_0000027eef094e40, L_0000027eef1c9e40, C4<0>, C4<0>;
L_0000027eef0955b0 .functor BUFT 1, C8<770>, C4<0>, C4<0>, C4<0>;
L_0000027eef095230 .functor NMOS 1, L_0000027eef0955b0, L_0000027eef1c9e40, C4<0>, C4<0>;
v0000027eef1673d0_0 .net "a", 0 0, L_0000027eef1c9e40;  alias, 1 drivers
v0000027eef166610_0 .net8 "gnd", 0 0, L_0000027eef0955b0;  1 drivers, strength-aware
v0000027eef1662f0_0 .net8 "out", 0 0, RS_0000027eef09ba28;  alias, 2 drivers, strength-aware
v0000027eef166c50_0 .net8 "sup", 0 0, L_0000027eef094e40;  1 drivers, strength-aware
S_0000027eef052c70 .scope module, "pc_4" "adder" 3 83, 4 20 0, S_0000027eef015560;
 .timescale 0 0;
    .port_info 0 /INPUT 32 "a";
    .port_info 1 /INPUT 32 "b";
    .port_info 2 /OUTPUT 32 "out";
v0000027eef1678d0_0 .net "a", 31 0, v0000027eef16bdf0_0;  alias, 1 drivers
L_0000027eef1708e8 .functor BUFT 1, C4<00000000000000000000000000000100>, C4<0>, C4<0>, C4<0>;
v0000027eef167830_0 .net "b", 31 0, L_0000027eef1708e8;  1 drivers
v0000027eef166d90_0 .net "out", 31 0, L_0000027eef1c80e0;  alias, 1 drivers
L_0000027eef1c80e0 .arith/sum 32, v0000027eef16bdf0_0, L_0000027eef1708e8;
S_0000027eef0606d0 .scope module, "plus_sign_pc" "adder" 3 111, 4 20 0, S_0000027eef015560;
 .timescale 0 0;
    .port_info 0 /INPUT 32 "a";
    .port_info 1 /INPUT 32 "b";
    .port_info 2 /OUTPUT 32 "out";
v0000027eef167a10_0 .net "a", 31 0, L_0000027eef1c8cc0;  alias, 1 drivers
v0000027eef167e70_0 .net "b", 31 0, L_0000027eef1c80e0;  alias, 1 drivers
v0000027eef1666b0_0 .net "out", 31 0, L_0000027eef1c9300;  alias, 1 drivers
L_0000027eef1c9300 .arith/sum 32, L_0000027eef1c8cc0, L_0000027eef1c80e0;
S_0000027eef0cdf80 .scope module, "sixteen_to_thirtytwo" "sign_extend" 3 58, 4 3 0, S_0000027eef015560;
 .timescale 0 0;
    .port_info 0 /INPUT 16 "in";
    .port_info 1 /OUTPUT 32 "out";
v0000027eef166ed0_0 .net *"_ivl_1", 0 0, L_0000027eef1c9580;  1 drivers
v0000027eef167150_0 .net *"_ivl_2", 15 0, L_0000027eef1c8860;  1 drivers
v0000027eef1670b0_0 .net "in", 15 0, L_0000027eef1c8720;  1 drivers
v0000027eef167f10_0 .net "out", 31 0, L_0000027eef1c8d60;  alias, 1 drivers
L_0000027eef1c9580 .part L_0000027eef1c8720, 15, 1;
LS_0000027eef1c8860_0_0 .concat [ 1 1 1 1], L_0000027eef1c9580, L_0000027eef1c9580, L_0000027eef1c9580, L_0000027eef1c9580;
LS_0000027eef1c8860_0_4 .concat [ 1 1 1 1], L_0000027eef1c9580, L_0000027eef1c9580, L_0000027eef1c9580, L_0000027eef1c9580;
LS_0000027eef1c8860_0_8 .concat [ 1 1 1 1], L_0000027eef1c9580, L_0000027eef1c9580, L_0000027eef1c9580, L_0000027eef1c9580;
LS_0000027eef1c8860_0_12 .concat [ 1 1 1 1], L_0000027eef1c9580, L_0000027eef1c9580, L_0000027eef1c9580, L_0000027eef1c9580;
L_0000027eef1c8860 .concat [ 4 4 4 4], LS_0000027eef1c8860_0_0, LS_0000027eef1c8860_0_4, LS_0000027eef1c8860_0_8, LS_0000027eef1c8860_0_12;
L_0000027eef1c8d60 .concat [ 16 16 0 0], L_0000027eef1c8720, L_0000027eef1c8860;
S_0000027eef0cdad0 .scope module, "start_mux" "mux2_32" 3 121, 4 28 0, S_0000027eef015560;
 .timescale 0 0;
    .port_info 0 /INPUT 32 "d0";
    .port_info 1 /INPUT 32 "d1";
    .port_info 2 /INPUT 1 "a";
    .port_info 3 /OUTPUT 32 "out";
v0000027eef166070_0 .net "a", 0 0, L_0000027eef095460;  alias, 1 drivers
v0000027eef166430_0 .net "d0", 31 0, L_0000027eef1c80e0;  alias, 1 drivers
v0000027eef1671f0_0 .net "d1", 31 0, L_0000027eef1c9300;  alias, 1 drivers
v0000027eef166110_0 .net "out", 31 0, L_0000027eef1c98a0;  alias, 1 drivers
L_0000027eef1c98a0 .functor MUXZ 32, L_0000027eef1c80e0, L_0000027eef1c9300, L_0000027eef095460, C4<>;
S_0000027eef0cddf0 .scope module, "cpu_data_memory" "data_memory" 2 20, 5 1 0, S_0000027eef099a30;
 .timescale 0 0;
    .port_info 0 /INPUT 32 "a";
    .port_info 1 /INPUT 1 "we";
    .port_info 2 /INPUT 1 "clk";
    .port_info 3 /INPUT 32 "wd";
    .port_info 4 /OUTPUT 32 "rd";
L_0000027eef0954d0 .functor BUFZ 32, L_0000027eef1c89a0, C4<00000000000000000000000000000000>, C4<00000000000000000000000000000000>, C4<00000000000000000000000000000000>;
v0000027eef168940_0 .net *"_ivl_0", 31 0, L_0000027eef1c89a0;  1 drivers
L_0000027eef1700c0 .functor BUFT 1, C4<00000000000000000000000000000100>, C4<0>, C4<0>, C4<0>;
v0000027eef1689e0_0 .net/2u *"_ivl_2", 31 0, L_0000027eef1700c0;  1 drivers
v0000027eef168da0_0 .net *"_ivl_4", 31 0, L_0000027eef1c9120;  1 drivers
v0000027eef169020_0 .net "a", 31 0, L_0000027eef094f20;  alias, 1 drivers
v0000027eef169840_0 .net "clk", 0 0, v0000027eef16b210_0;  alias, 1 drivers
v0000027eef169160_0 .var/i "i", 31 0;
v0000027eef16af90 .array "ram", 2047 0, 31 0;
v0000027eef16a6d0_0 .net "rd", 31 0, L_0000027eef0954d0;  alias, 1 drivers
v0000027eef16b8f0_0 .net "wd", 31 0, L_0000027eef094eb0;  alias, 1 drivers
v0000027eef16b030_0 .net "we", 0 0, L_0000027eef095620;  alias, 1 drivers
E_0000027eef080da0 .event posedge, v0000027eef169a20_0;
L_0000027eef1c89a0 .array/port v0000027eef16af90, L_0000027eef1c9120;
L_0000027eef1c9120 .arith/div 32, L_0000027eef094f20, L_0000027eef1700c0;
S_0000027eef0cd940 .scope module, "cpu_instruction_memory" "instruction_memory" 2 12, 5 34 0, S_0000027eef099a30;
 .timescale 0 0;
    .port_info 0 /INPUT 32 "a";
    .port_info 1 /OUTPUT 32 "rd";
L_0000027eef0958c0 .functor BUFZ 32, L_0000027eef16a630, C4<00000000000000000000000000000000>, C4<00000000000000000000000000000000>, C4<00000000000000000000000000000000>;
v0000027eef16a8b0_0 .net *"_ivl_0", 31 0, L_0000027eef16a630;  1 drivers
L_0000027eef170078 .functor BUFT 1, C4<00000000000000000000000000000100>, C4<0>, C4<0>, C4<0>;
v0000027eef16b850_0 .net/2u *"_ivl_2", 31 0, L_0000027eef170078;  1 drivers
v0000027eef16adb0_0 .net *"_ivl_4", 31 0, L_0000027eef16aa90;  1 drivers
v0000027eef16bad0_0 .net "a", 31 0, L_0000027eef094f90;  alias, 1 drivers
v0000027eef16ae50 .array "ram", 250 0, 31 0;
v0000027eef16ab30_0 .net "rd", 31 0, L_0000027eef0958c0;  alias, 1 drivers
L_0000027eef16a630 .array/port v0000027eef16ae50, L_0000027eef16aa90;
L_0000027eef16aa90 .arith/div 32, L_0000027eef094f90, L_0000027eef170078;
S_0000027eef0cdc60 .scope module, "cpu_register" "register_file" 2 26, 6 1 0, S_0000027eef099a30;
 .timescale 0 0;
    .port_info 0 /INPUT 1 "clk";
    .port_info 1 /INPUT 1 "we3";
    .port_info 2 /INPUT 5 "a1";
    .port_info 3 /INPUT 5 "a2";
    .port_info 4 /INPUT 5 "a3";
    .port_info 5 /INPUT 32 "wd3";
    .port_info 6 /OUTPUT 32 "rd1";
    .port_info 7 /OUTPUT 32 "rd2";
L_0000027eef095690 .functor BUFZ 32, L_0000027eef1c8ae0, C4<00000000000000000000000000000000>, C4<00000000000000000000000000000000>, C4<00000000000000000000000000000000>;
L_0000027eef094a50 .functor BUFZ 32, L_0000027eef1c8e00, C4<00000000000000000000000000000000>, C4<00000000000000000000000000000000>, C4<00000000000000000000000000000000>;
v0000027eef16b170_0 .net *"_ivl_0", 31 0, L_0000027eef1c8ae0;  1 drivers
v0000027eef16ad10_0 .net *"_ivl_10", 6 0, L_0000027eef1c96c0;  1 drivers
L_0000027eef170150 .functor BUFT 1, C4<00>, C4<0>, C4<0>, C4<0>;
v0000027eef16b490_0 .net *"_ivl_13", 1 0, L_0000027eef170150;  1 drivers
v0000027eef16aef0_0 .net *"_ivl_2", 6 0, L_0000027eef1c9940;  1 drivers
L_0000027eef170108 .functor BUFT 1, C4<00>, C4<0>, C4<0>, C4<0>;
v0000027eef16bd50_0 .net *"_ivl_5", 1 0, L_0000027eef170108;  1 drivers
v0000027eef16a950_0 .net *"_ivl_8", 31 0, L_0000027eef1c8e00;  1 drivers
v0000027eef16a770_0 .net "a1", 4 0, L_0000027eef1c9da0;  alias, 1 drivers
v0000027eef16a270_0 .net "a2", 4 0, L_0000027eef1c9620;  alias, 1 drivers
v0000027eef16b990_0 .net "a3", 4 0, L_0000027eef1c8fe0;  alias, 1 drivers
v0000027eef16a4f0_0 .net "clk", 0 0, v0000027eef16b210_0;  alias, 1 drivers
v0000027eef16b0d0_0 .var/i "i", 31 0;
v0000027eef16ba30 .array "mem", 31 0, 31 0;
v0000027eef16a310_0 .net "rd1", 31 0, L_0000027eef095690;  alias, 1 drivers
v0000027eef16b670_0 .net "rd2", 31 0, L_0000027eef094a50;  alias, 1 drivers
v0000027eef16a590_0 .net "wd3", 31 0, L_0000027eef1c8900;  alias, 1 drivers
v0000027eef16bb70_0 .net "we3", 0 0, L_0000027eef094ba0;  alias, 1 drivers
L_0000027eef1c8ae0 .array/port v0000027eef16ba30, L_0000027eef1c9940;
L_0000027eef1c9940 .concat [ 5 2 0 0], L_0000027eef1c9da0, L_0000027eef170108;
L_0000027eef1c8e00 .array/port v0000027eef16ba30, L_0000027eef1c96c0;
L_0000027eef1c96c0 .concat [ 5 2 0 0], L_0000027eef1c9620, L_0000027eef170150;
S_0000027eef0ce110 .scope module, "program_counter" "d_flop" 2 18, 7 1 0, S_0000027eef099a30;
 .timescale 0 0;
    .port_info 0 /INPUT 32 "d";
    .port_info 1 /INPUT 1 "clk";
    .port_info 2 /OUTPUT 32 "q";
v0000027eef16b710_0 .net "clk", 0 0, v0000027eef16b210_0;  alias, 1 drivers
v0000027eef16a090_0 .net "d", 31 0, L_0000027eef1c8680;  alias, 1 drivers
v0000027eef16bdf0_0 .var "q", 31 0;
    .scope S_0000027eef0cd940;
T_0 ;
    %vpi_call 5 45 "$readmemb", "instructions.dat", v0000027eef16ae50 {0 0 0};
    %end;
    .thread T_0;
    .scope S_0000027eef0ce110;
T_1 ;
    %pushi/vec4 0, 0, 32;
    %assign/vec4 v0000027eef16bdf0_0, 0;
    %end;
    .thread T_1;
    .scope S_0000027eef0ce110;
T_2 ;
    %wait E_0000027eef080da0;
    %load/vec4 v0000027eef16a090_0;
    %assign/vec4 v0000027eef16bdf0_0, 0;
    %jmp T_2;
    .thread T_2;
    .scope S_0000027eef0cddf0;
T_3 ;
    %pushi/vec4 0, 0, 32;
    %store/vec4 v0000027eef169160_0, 0, 32;
T_3.0 ;
    %load/vec4 v0000027eef169160_0;
    %cmpi/s 2048, 0, 32;
    %jmp/0xz T_3.1, 5;
    %pushi/vec4 0, 0, 32;
    %ix/getv/s 4, v0000027eef169160_0;
    %store/vec4a v0000027eef16af90, 4, 0;
    %load/vec4 v0000027eef169160_0;
    %addi 1, 0, 32;
    %store/vec4 v0000027eef169160_0, 0, 32;
    %jmp T_3.0;
T_3.1 ;
    %end;
    .thread T_3;
    .scope S_0000027eef0cddf0;
T_4 ;
    %wait E_0000027eef080da0;
    %load/vec4 v0000027eef16b030_0;
    %flag_set/vec4 8;
    %jmp/0xz  T_4.0, 8;
    %load/vec4 v0000027eef16b8f0_0;
    %load/vec4 v0000027eef169020_0;
    %pushi/vec4 4, 0, 32;
    %div;
    %ix/vec4 4;
    %store/vec4a v0000027eef16af90, 4, 0;
T_4.0 ;
    %jmp T_4;
    .thread T_4;
    .scope S_0000027eef0cdc60;
T_5 ;
    %pushi/vec4 0, 0, 32;
    %store/vec4 v0000027eef16b0d0_0, 0, 32;
T_5.0 ;
    %load/vec4 v0000027eef16b0d0_0;
    %cmpi/s 32, 0, 32;
    %jmp/0xz T_5.1, 5;
    %pushi/vec4 0, 0, 32;
    %ix/getv/s 4, v0000027eef16b0d0_0;
    %store/vec4a v0000027eef16ba30, 4, 0;
    %load/vec4 v0000027eef16b0d0_0;
    %addi 1, 0, 32;
    %store/vec4 v0000027eef16b0d0_0, 0, 32;
    %jmp T_5.0;
T_5.1 ;
    %end;
    .thread T_5;
    .scope S_0000027eef0cdc60;
T_6 ;
    %wait E_0000027eef080da0;
    %load/vec4 v0000027eef16bb70_0;
    %flag_set/vec4 8;
    %jmp/0xz  T_6.0, 8;
    %load/vec4 v0000027eef16a590_0;
    %load/vec4 v0000027eef16b990_0;
    %pad/u 7;
    %ix/vec4 4;
    %store/vec4a v0000027eef16ba30, 4, 0;
T_6.0 ;
    %jmp T_6;
    .thread T_6;
    .scope S_0000027eeeeae7b0;
T_7 ;
    %wait E_0000027eef080d20;
    %load/vec4 v0000027eef08a620_0;
    %dup/vec4;
    %load/vec4 v0000027eef08a440_0;
    %cmp/u;
    %jmp/1 T_7.0, 6;
    %dup/vec4;
    %load/vec4 v0000027eef164b00_0;
    %cmp/u;
    %jmp/1 T_7.1, 6;
    %dup/vec4;
    %load/vec4 v0000027eef1642e0_0;
    %cmp/u;
    %jmp/1 T_7.2, 6;
    %dup/vec4;
    %load/vec4 v0000027eef165be0_0;
    %cmp/u;
    %jmp/1 T_7.3, 6;
    %jmp T_7.4;
T_7.0 ;
    %pushi/vec4 2, 0, 3;
    %store/vec4 v0000027eef164c40_0, 0, 3;
    %pushi/vec4 0, 0, 1;
    %store/vec4 v0000027eef1647e0_0, 0, 1;
    %jmp T_7.4;
T_7.1 ;
    %pushi/vec4 6, 0, 3;
    %store/vec4 v0000027eef164c40_0, 0, 3;
    %pushi/vec4 0, 0, 1;
    %store/vec4 v0000027eef1647e0_0, 0, 1;
    %jmp T_7.4;
T_7.2 ;
    %load/vec4 v0000027eef164ce0_0;
    %dup/vec4;
    %load/vec4 v0000027eef08a4e0_0;
    %cmp/u;
    %jmp/1 T_7.5, 6;
    %dup/vec4;
    %load/vec4 v0000027eef165140_0;
    %cmp/u;
    %jmp/1 T_7.6, 6;
    %dup/vec4;
    %load/vec4 v0000027eef08a6c0_0;
    %cmp/u;
    %jmp/1 T_7.7, 6;
    %dup/vec4;
    %load/vec4 v0000027eef165c80_0;
    %cmp/u;
    %jmp/1 T_7.8, 6;
    %dup/vec4;
    %load/vec4 v0000027eef165500_0;
    %cmp/u;
    %jmp/1 T_7.9, 6;
    %dup/vec4;
    %load/vec4 v0000027eef164380_0;
    %cmp/u;
    %jmp/1 T_7.10, 6;
    %jmp T_7.11;
T_7.5 ;
    %pushi/vec4 2, 0, 3;
    %store/vec4 v0000027eef164c40_0, 0, 3;
    %pushi/vec4 0, 0, 1;
    %store/vec4 v0000027eef1647e0_0, 0, 1;
    %jmp T_7.11;
T_7.6 ;
    %pushi/vec4 6, 0, 3;
    %store/vec4 v0000027eef164c40_0, 0, 3;
    %pushi/vec4 0, 0, 1;
    %store/vec4 v0000027eef1647e0_0, 0, 1;
    %jmp T_7.11;
T_7.7 ;
    %pushi/vec4 0, 0, 3;
    %store/vec4 v0000027eef164c40_0, 0, 3;
    %pushi/vec4 0, 0, 1;
    %store/vec4 v0000027eef1647e0_0, 0, 1;
    %jmp T_7.11;
T_7.8 ;
    %pushi/vec4 1, 0, 3;
    %store/vec4 v0000027eef164c40_0, 0, 3;
    %pushi/vec4 0, 0, 1;
    %store/vec4 v0000027eef1647e0_0, 0, 1;
    %jmp T_7.11;
T_7.9 ;
    %pushi/vec4 7, 0, 3;
    %store/vec4 v0000027eef164c40_0, 0, 3;
    %pushi/vec4 0, 0, 1;
    %store/vec4 v0000027eef1647e0_0, 0, 1;
    %jmp T_7.11;
T_7.10 ;
    %pushi/vec4 4, 0, 3;
    %store/vec4 v0000027eef164c40_0, 0, 3;
    %pushi/vec4 1, 0, 1;
    %store/vec4 v0000027eef1647e0_0, 0, 1;
    %jmp T_7.11;
T_7.11 ;
    %pop/vec4 1;
    %jmp T_7.4;
T_7.3 ;
    %pushi/vec4 0, 0, 3;
    %store/vec4 v0000027eef164c40_0, 0, 3;
    %pushi/vec4 0, 0, 1;
    %store/vec4 v0000027eef1647e0_0, 0, 1;
    %jmp T_7.4;
T_7.4 ;
    %pop/vec4 1;
    %jmp T_7;
    .thread T_7, $push;
    .scope S_0000027eeeeae620;
T_8 ;
    %wait E_0000027eef080a60;
    %load/vec4 v0000027eef164ec0_0;
    %dup/vec4;
    %load/vec4 v0000027eef165f00_0;
    %cmp/u;
    %jmp/1 T_8.0, 6;
    %dup/vec4;
    %load/vec4 v0000027eef164880_0;
    %cmp/u;
    %jmp/1 T_8.1, 6;
    %dup/vec4;
    %load/vec4 v0000027eef165460_0;
    %cmp/u;
    %jmp/1 T_8.2, 6;
    %dup/vec4;
    %load/vec4 v0000027eef164060_0;
    %cmp/u;
    %jmp/1 T_8.3, 6;
    %dup/vec4;
    %load/vec4 v0000027eef164240_0;
    %cmp/u;
    %jmp/1 T_8.4, 6;
    %dup/vec4;
    %load/vec4 v0000027eef164420_0;
    %cmp/u;
    %jmp/1 T_8.5, 6;
    %dup/vec4;
    %load/vec4 v0000027eef1653c0_0;
    %cmp/u;
    %jmp/1 T_8.6, 6;
    %dup/vec4;
    %load/vec4 v0000027eef164d80_0;
    %cmp/u;
    %jmp/1 T_8.7, 6;
    %dup/vec4;
    %load/vec4 v0000027eef1644c0_0;
    %cmp/u;
    %jmp/1 T_8.8, 6;
    %jmp T_8.9;
T_8.0 ;
    %pushi/vec4 1, 0, 1;
    %store/vec4 v0000027eef165280_0, 0, 1;
    %pushi/vec4 0, 0, 1;
    %store/vec4 v0000027eef1646a0_0, 0, 1;
    %pushi/vec4 0, 0, 1;
    %store/vec4 v0000027eef1651e0_0, 0, 1;
    %pushi/vec4 0, 0, 1;
    %store/vec4 v0000027eef164ba0_0, 0, 1;
    %pushi/vec4 0, 0, 2;
    %store/vec4 v0000027eef165d20_0, 0, 2;
    %pushi/vec4 1, 0, 1;
    %store/vec4 v0000027eef165b40_0, 0, 1;
    %pushi/vec4 0, 0, 1;
    %store/vec4 v0000027eef1650a0_0, 0, 1;
    %pushi/vec4 1, 0, 1;
    %store/vec4 v0000027eef164740_0, 0, 1;
    %pushi/vec4 0, 0, 1;
    %store/vec4 v0000027eef164100_0, 0, 1;
    %pushi/vec4 0, 0, 1;
    %store/vec4 v0000027eef1655a0_0, 0, 1;
    %jmp T_8.9;
T_8.1 ;
    %pushi/vec4 0, 0, 1;
    %store/vec4 v0000027eef165280_0, 0, 1;
    %pushi/vec4 1, 0, 1;
    %store/vec4 v0000027eef1646a0_0, 0, 1;
    %pushi/vec4 0, 0, 1;
    %store/vec4 v0000027eef1651e0_0, 0, 1;
    %pushi/vec4 0, 0, 1;
    %store/vec4 v0000027eef164ba0_0, 0, 1;
    %pushi/vec4 0, 0, 2;
    %store/vec4 v0000027eef165d20_0, 0, 2;
    %pushi/vec4 1, 0, 1;
    %store/vec4 v0000027eef165b40_0, 0, 1;
    %pushi/vec4 0, 0, 1;
    %store/vec4 v0000027eef1650a0_0, 0, 1;
    %pushi/vec4 0, 0, 1;
    %store/vec4 v0000027eef164740_0, 0, 1;
    %pushi/vec4 0, 0, 1;
    %store/vec4 v0000027eef164100_0, 0, 1;
    %pushi/vec4 0, 0, 1;
    %store/vec4 v0000027eef1655a0_0, 0, 1;
    %jmp T_8.9;
T_8.2 ;
    %pushi/vec4 0, 0, 1;
    %store/vec4 v0000027eef165280_0, 0, 1;
    %pushi/vec4 0, 0, 1;
    %store/vec4 v0000027eef1646a0_0, 0, 1;
    %pushi/vec4 0, 0, 1;
    %store/vec4 v0000027eef1651e0_0, 0, 1;
    %pushi/vec4 1, 0, 1;
    %store/vec4 v0000027eef164ba0_0, 0, 1;
    %pushi/vec4 1, 0, 2;
    %store/vec4 v0000027eef165d20_0, 0, 2;
    %pushi/vec4 0, 0, 1;
    %store/vec4 v0000027eef165b40_0, 0, 1;
    %pushi/vec4 0, 0, 1;
    %store/vec4 v0000027eef1650a0_0, 0, 1;
    %pushi/vec4 0, 0, 1;
    %store/vec4 v0000027eef164740_0, 0, 1;
    %pushi/vec4 0, 0, 1;
    %store/vec4 v0000027eef164100_0, 0, 1;
    %pushi/vec4 0, 0, 1;
    %store/vec4 v0000027eef1655a0_0, 0, 1;
    %jmp T_8.9;
T_8.3 ;
    %pushi/vec4 0, 0, 1;
    %store/vec4 v0000027eef165280_0, 0, 1;
    %pushi/vec4 0, 0, 1;
    %store/vec4 v0000027eef1646a0_0, 0, 1;
    %pushi/vec4 0, 0, 1;
    %store/vec4 v0000027eef1651e0_0, 0, 1;
    %pushi/vec4 0, 0, 1;
    %store/vec4 v0000027eef164ba0_0, 0, 1;
    %pushi/vec4 2, 0, 2;
    %store/vec4 v0000027eef165d20_0, 0, 2;
    %pushi/vec4 0, 0, 1;
    %store/vec4 v0000027eef165b40_0, 0, 1;
    %pushi/vec4 1, 0, 1;
    %store/vec4 v0000027eef1650a0_0, 0, 1;
    %load/vec4 v0000027eef165dc0_0;
    %cmpi/e 8, 0, 6;
    %jmp/0xz  T_8.10, 4;
    %pushi/vec4 0, 0, 1;
    %store/vec4 v0000027eef164740_0, 0, 1;
    %jmp T_8.11;
T_8.10 ;
    %pushi/vec4 1, 0, 1;
    %store/vec4 v0000027eef164740_0, 0, 1;
T_8.11 ;
    %pushi/vec4 0, 0, 1;
    %store/vec4 v0000027eef164100_0, 0, 1;
    %pushi/vec4 0, 0, 1;
    %store/vec4 v0000027eef1655a0_0, 0, 1;
    %jmp T_8.9;
T_8.4 ;
    %pushi/vec4 0, 0, 1;
    %store/vec4 v0000027eef165280_0, 0, 1;
    %pushi/vec4 0, 0, 1;
    %store/vec4 v0000027eef1646a0_0, 0, 1;
    %pushi/vec4 0, 0, 1;
    %store/vec4 v0000027eef1651e0_0, 0, 1;
    %pushi/vec4 0, 0, 1;
    %store/vec4 v0000027eef164ba0_0, 0, 1;
    %pushi/vec4 0, 0, 2;
    %store/vec4 v0000027eef165d20_0, 0, 2;
    %pushi/vec4 1, 0, 1;
    %store/vec4 v0000027eef165b40_0, 0, 1;
    %pushi/vec4 0, 0, 1;
    %store/vec4 v0000027eef1650a0_0, 0, 1;
    %pushi/vec4 1, 0, 1;
    %store/vec4 v0000027eef164740_0, 0, 1;
    %pushi/vec4 0, 0, 1;
    %store/vec4 v0000027eef164100_0, 0, 1;
    %pushi/vec4 0, 0, 1;
    %store/vec4 v0000027eef1655a0_0, 0, 1;
    %jmp T_8.9;
T_8.5 ;
    %pushi/vec4 0, 0, 1;
    %store/vec4 v0000027eef165280_0, 0, 1;
    %pushi/vec4 0, 0, 1;
    %store/vec4 v0000027eef1646a0_0, 0, 1;
    %pushi/vec4 0, 0, 1;
    %store/vec4 v0000027eef1651e0_0, 0, 1;
    %pushi/vec4 0, 0, 1;
    %store/vec4 v0000027eef164ba0_0, 0, 1;
    %pushi/vec4 3, 0, 2;
    %store/vec4 v0000027eef165d20_0, 0, 2;
    %pushi/vec4 1, 0, 1;
    %store/vec4 v0000027eef165b40_0, 0, 1;
    %pushi/vec4 0, 0, 1;
    %store/vec4 v0000027eef1650a0_0, 0, 1;
    %pushi/vec4 1, 0, 1;
    %store/vec4 v0000027eef164740_0, 0, 1;
    %pushi/vec4 0, 0, 1;
    %store/vec4 v0000027eef164100_0, 0, 1;
    %pushi/vec4 0, 0, 1;
    %store/vec4 v0000027eef1655a0_0, 0, 1;
    %jmp T_8.9;
T_8.6 ;
    %pushi/vec4 0, 0, 1;
    %store/vec4 v0000027eef165280_0, 0, 1;
    %pushi/vec4 0, 0, 1;
    %store/vec4 v0000027eef1646a0_0, 0, 1;
    %pushi/vec4 1, 0, 1;
    %store/vec4 v0000027eef1651e0_0, 0, 1;
    %pushi/vec4 0, 0, 1;
    %store/vec4 v0000027eef164ba0_0, 0, 1;
    %pushi/vec4 1, 0, 2;
    %store/vec4 v0000027eef165d20_0, 0, 2;
    %pushi/vec4 0, 0, 1;
    %store/vec4 v0000027eef165b40_0, 0, 1;
    %pushi/vec4 0, 0, 1;
    %store/vec4 v0000027eef1650a0_0, 0, 1;
    %pushi/vec4 0, 0, 1;
    %store/vec4 v0000027eef164740_0, 0, 1;
    %pushi/vec4 0, 0, 1;
    %store/vec4 v0000027eef164100_0, 0, 1;
    %pushi/vec4 0, 0, 1;
    %store/vec4 v0000027eef1655a0_0, 0, 1;
    %jmp T_8.9;
T_8.7 ;
    %pushi/vec4 0, 0, 1;
    %store/vec4 v0000027eef165280_0, 0, 1;
    %pushi/vec4 0, 0, 1;
    %store/vec4 v0000027eef1646a0_0, 0, 1;
    %pushi/vec4 0, 0, 1;
    %store/vec4 v0000027eef1651e0_0, 0, 1;
    %pushi/vec4 0, 0, 1;
    %store/vec4 v0000027eef164ba0_0, 0, 1;
    %pushi/vec4 0, 0, 2;
    %store/vec4 v0000027eef165d20_0, 0, 2;
    %pushi/vec4 0, 0, 1;
    %store/vec4 v0000027eef165b40_0, 0, 1;
    %pushi/vec4 0, 0, 1;
    %store/vec4 v0000027eef1650a0_0, 0, 1;
    %pushi/vec4 0, 0, 1;
    %store/vec4 v0000027eef164740_0, 0, 1;
    %pushi/vec4 0, 0, 1;
    %store/vec4 v0000027eef1655a0_0, 0, 1;
    %pushi/vec4 1, 0, 1;
    %store/vec4 v0000027eef164100_0, 0, 1;
    %jmp T_8.9;
T_8.8 ;
    %pushi/vec4 0, 0, 1;
    %store/vec4 v0000027eef165280_0, 0, 1;
    %pushi/vec4 0, 0, 1;
    %store/vec4 v0000027eef1646a0_0, 0, 1;
    %pushi/vec4 0, 0, 1;
    %store/vec4 v0000027eef1651e0_0, 0, 1;
    %pushi/vec4 0, 0, 1;
    %store/vec4 v0000027eef164ba0_0, 0, 1;
    %pushi/vec4 0, 0, 2;
    %store/vec4 v0000027eef165d20_0, 0, 2;
    %pushi/vec4 0, 0, 1;
    %store/vec4 v0000027eef165b40_0, 0, 1;
    %pushi/vec4 0, 0, 1;
    %store/vec4 v0000027eef1650a0_0, 0, 1;
    %pushi/vec4 1, 0, 1;
    %store/vec4 v0000027eef164740_0, 0, 1;
    %pushi/vec4 1, 0, 1;
    %store/vec4 v0000027eef164100_0, 0, 1;
    %pushi/vec4 1, 0, 1;
    %store/vec4 v0000027eef1655a0_0, 0, 1;
    %jmp T_8.9;
T_8.9 ;
    %pop/vec4 1;
    %jmp T_8;
    .thread T_8, $push;
    .scope S_0000027eef0531f0;
T_9 ;
    %wait E_0000027eef080b60;
    %load/vec4 v0000027eef166930_0;
    %dup/vec4;
    %load/vec4 v0000027eef167010_0;
    %cmp/u;
    %jmp/1 T_9.0, 6;
    %dup/vec4;
    %load/vec4 v0000027eef167790_0;
    %cmp/u;
    %jmp/1 T_9.1, 6;
    %dup/vec4;
    %load/vec4 v0000027eef1676f0_0;
    %cmp/u;
    %jmp/1 T_9.2, 6;
    %dup/vec4;
    %load/vec4 v0000027eef1669d0_0;
    %cmp/u;
    %jmp/1 T_9.3, 6;
    %dup/vec4;
    %load/vec4 v0000027eef167650_0;
    %cmp/u;
    %jmp/1 T_9.4, 6;
    %jmp T_9.5;
T_9.0 ;
    %load/vec4 v0000027eef166f70_0;
    %load/vec4 v0000027eef166cf0_0;
    %add;
    %store/vec4 v0000027eef167d30_0, 0, 32;
    %jmp T_9.5;
T_9.1 ;
    %load/vec4 v0000027eef166f70_0;
    %load/vec4 v0000027eef166cf0_0;
    %sub;
    %store/vec4 v0000027eef167d30_0, 0, 32;
    %jmp T_9.5;
T_9.2 ;
    %load/vec4 v0000027eef166f70_0;
    %load/vec4 v0000027eef166cf0_0;
    %and;
    %store/vec4 v0000027eef167d30_0, 0, 32;
    %jmp T_9.5;
T_9.3 ;
    %load/vec4 v0000027eef166f70_0;
    %load/vec4 v0000027eef166cf0_0;
    %or;
    %store/vec4 v0000027eef167d30_0, 0, 32;
    %jmp T_9.5;
T_9.4 ;
    %pushi/vec4 0, 0, 31;
    %ix/load 4, 1, 0;
    %flag_set/imm 4, 0;
    %store/vec4 v0000027eef167d30_0, 4, 31;
    %load/vec4 v0000027eef166f70_0;
    %parti/s 1, 31, 6;
    %load/vec4 v0000027eef166cf0_0;
    %parti/s 1, 31, 6;
    %cmp/ne;
    %flag_mov 8, 4;
    %jmp/0 T_9.6, 8;
    %load/vec4 v0000027eef166cf0_0;
    %parti/s 1, 31, 6;
    %load/vec4 v0000027eef166f70_0;
    %parti/s 1, 31, 6;
    %cmp/u;
    %flag_mov 9, 5;
    %jmp/0 T_9.8, 9;
    %pushi/vec4 1, 0, 2;
    %jmp/1 T_9.9, 9;
T_9.8 ; End of true expr.
    %pushi/vec4 0, 0, 2;
    %jmp/0 T_9.9, 9;
 ; End of false expr.
    %blend;
T_9.9;
    %jmp/1 T_9.7, 8;
T_9.6 ; End of true expr.
    %load/vec4 v0000027eef166f70_0;
    %load/vec4 v0000027eef166cf0_0;
    %cmp/u;
    %flag_mov 9, 5;
    %jmp/0 T_9.10, 9;
    %pushi/vec4 1, 0, 2;
    %jmp/1 T_9.11, 9;
T_9.10 ; End of true expr.
    %pushi/vec4 0, 0, 2;
    %jmp/0 T_9.11, 9;
 ; End of false expr.
    %blend;
T_9.11;
    %jmp/0 T_9.7, 8;
 ; End of false expr.
    %blend;
T_9.7;
    %pad/s 1;
    %ix/load 4, 0, 0;
    %flag_set/imm 4, 0;
    %store/vec4 v0000027eef167d30_0, 4, 1;
    %jmp T_9.5;
T_9.5 ;
    %pop/vec4 1;
    %jmp T_9;
    .thread T_9, $push;
    .scope S_0000027eef099a30;
T_10 ;
    %pushi/vec4 0, 0, 32;
    %store/vec4 v0000027eef16b530_0, 0, 32;
T_10.0 ;
    %load/vec4 v0000027eef16b530_0;
    %cmpi/u 10000, 0, 32;
    %jmp/0xz T_10.1, 5;
    %delay 5, 0;
    %pushi/vec4 1, 0, 1;
    %store/vec4 v0000027eef16b210_0, 0, 1;
    %delay 5, 0;
    %pushi/vec4 0, 0, 1;
    %store/vec4 v0000027eef16b210_0, 0, 1;
    %load/vec4 v0000027eef16b530_0;
    %addi 1, 0, 32;
    %store/vec4 v0000027eef16b530_0, 0, 32;
    %jmp T_10.0;
T_10.1 ;
    %pushi/vec4 0, 0, 32;
    %store/vec4 v0000027eef16b7b0_0, 0, 32;
T_10.2 ;
    %load/vec4 v0000027eef16b7b0_0;
    %cmpi/u 32, 0, 32;
    %jmp/0xz T_10.3, 5;
    %vpi_call 2 64 "$display", "Register: %d, value: %d", v0000027eef16b7b0_0, &A<v0000027eef16ba30, v0000027eef16b7b0_0 > {0 0 0};
    %load/vec4 v0000027eef16b7b0_0;
    %addi 1, 0, 32;
    %store/vec4 v0000027eef16b7b0_0, 0, 32;
    %jmp T_10.2;
T_10.3 ;
    %pushi/vec4 0, 0, 32;
    %store/vec4 v0000027eef16bc10_0, 0, 32;
T_10.4 ;
    %load/vec4 v0000027eef16bc10_0;
    %cmpi/u 64, 0, 32;
    %jmp/0xz T_10.5, 5;
    %load/vec4 v0000027eef16bc10_0;
    %muli 4, 0, 32;
    %vpi_call 2 68 "$display", "Addr: %d, value: %d", S<0,vec4,u32>, &A<v0000027eef16af90, v0000027eef16bc10_0 > {1 0 0};
    %load/vec4 v0000027eef16bc10_0;
    %addi 1, 0, 32;
    %store/vec4 v0000027eef16bc10_0, 0, 32;
    %jmp T_10.4;
T_10.5 ;
    %end;
    .thread T_10;
# The file index is used to find the file name in the following table.
:file_names 8;
    "N/A";
    "<interactive>";
    "cpu_test.v";
    "./mips_cpu.v";
    "./util.v";
    "./memory.v";
    "./register_file.v";
    "./d_flop.v";
